0 info it worked if it ends with ok
1 verbose cli [ '/usr/bin/nodejs',
1 verbose cli   '/home/dr7/.nvm/versions/node/v6.9.1/bin/npm',
1 verbose cli   'start' ]
2 info using npm@3.10.8
3 info using node@v7.6.0
4 verbose run-script [ 'prestart', 'start', 'poststart' ]
5 info lifecycle ghost@0.11.7~prestart: ghost@0.11.7
6 silly lifecycle ghost@0.11.7~prestart: no script for prestart, continuing
7 info lifecycle ghost@0.11.7~start: ghost@0.11.7
8 verbose lifecycle ghost@0.11.7~start: unsafe-perm in lifecycle true
9 verbose lifecycle ghost@0.11.7~start: PATH: /home/dr7/.nvm/versions/node/v6.9.1/lib/node_modules/npm/bin/node-gyp-bin:/var/www/ghost/node_modules/.bin:/usr/local/sbin:/usr/local/bin:/usr/sbin:/usr/bin:/sbin:/bin
10 verbose lifecycle ghost@0.11.7~start: CWD: /var/www/ghost
11 silly lifecycle ghost@0.11.7~start: Args: [ '-c', 'node index' ]
12 silly lifecycle ghost@0.11.7~start: Returned: code: 231  signal: null
13 info lifecycle ghost@0.11.7~start: Failed to exec start script
14 verbose stack Error: ghost@0.11.7 start: `node index`
14 verbose stack Exit status 231
14 verbose stack     at EventEmitter.<anonymous> (/home/dr7/.nvm/versions/node/v6.9.1/lib/node_modules/npm/lib/utils/lifecycle.js:255:16)
14 verbose stack     at emitTwo (events.js:106:13)
14 verbose stack     at EventEmitter.emit (events.js:192:7)
14 verbose stack     at ChildProcess.<anonymous> (/home/dr7/.nvm/versions/node/v6.9.1/lib/node_modules/npm/lib/utils/spawn.js:40:14)
14 verbose stack     at emitTwo (events.js:106:13)
14 verbose stack     at ChildProcess.emit (events.js:192:7)
14 verbose stack     at maybeClose (internal/child_process.js:890:16)
14 verbose stack     at Process.ChildProcess._handle.onexit (internal/child_process.js:226:5)
15 verbose pkgid ghost@0.11.7
16 verbose cwd /var/www/ghost
17 error Linux 4.4.0-31-generic
18 error argv "/usr/bin/nodejs" "/home/dr7/.nvm/versions/node/v6.9.1/bin/npm" "start"
19 error node v7.6.0
20 error npm  v3.10.8
21 error code ELIFECYCLE
22 error ghost@0.11.7 start: `node index`
22 error Exit status 231
23 error Failed at the ghost@0.11.7 start script 'node index'.
23 error Make sure you have the latest version of node.js and npm installed.
23 error If you do, this is most likely a problem with the ghost package,
23 error not with npm itself.
23 error Tell the author that this fails on your system:
23 error     node index
23 error You can get information on how to open an issue for this project with:
23 error     npm bugs ghost
23 error Or if that isn't available, you can get their info via:
23 error     npm owner ls ghost
23 error There is likely additional logging output above.
24 verbose exit [ 1, true ]
